
./a.out:     file format elf64-x86-64


Disassembly of section .interp:

0000000000400238 <.interp>:
  400238:	2f                   	(bad)  
  400239:	6c                   	insb   (%dx),%es:(%rdi)
  40023a:	69 62 36 34 2f 6c 64 	imul   $0x646c2f34,0x36(%rdx),%esp
  400241:	2d 6c 69 6e 75       	sub    $0x756e696c,%eax
  400246:	78 2d                	js     400275 <_init-0x3fb>
  400248:	78 38                	js     400282 <_init-0x3ee>
  40024a:	36 2d 36 34 2e 73    	ss sub $0x732e3436,%eax
  400250:	6f                   	outsl  %ds:(%rsi),(%dx)
  400251:	2e 32 00             	xor    %cs:(%rax),%al

Disassembly of section .note.ABI-tag:

0000000000400254 <.note.ABI-tag>:
  400254:	04 00                	add    $0x0,%al
  400256:	00 00                	add    %al,(%rax)
  400258:	10 00                	adc    %al,(%rax)
  40025a:	00 00                	add    %al,(%rax)
  40025c:	01 00                	add    %eax,(%rax)
  40025e:	00 00                	add    %al,(%rax)
  400260:	47                   	rex.RXB
  400261:	4e 55                	rex.WRX push %rbp
  400263:	00 00                	add    %al,(%rax)
  400265:	00 00                	add    %al,(%rax)
  400267:	00 02                	add    %al,(%rdx)
  400269:	00 00                	add    %al,(%rax)
  40026b:	00 06                	add    %al,(%rsi)
  40026d:	00 00                	add    %al,(%rax)
  40026f:	00 20                	add    %ah,(%rax)
  400271:	00 00                	add    %al,(%rax)
	...

Disassembly of section .note.gnu.build-id:

0000000000400274 <.note.gnu.build-id>:
  400274:	04 00                	add    $0x0,%al
  400276:	00 00                	add    %al,(%rax)
  400278:	14 00                	adc    $0x0,%al
  40027a:	00 00                	add    %al,(%rax)
  40027c:	03 00                	add    (%rax),%eax
  40027e:	00 00                	add    %al,(%rax)
  400280:	47                   	rex.RXB
  400281:	4e 55                	rex.WRX push %rbp
  400283:	00 9e 9e 11 ca e7    	add    %bl,-0x1835ee62(%rsi)
  400289:	fc                   	cld    
  40028a:	13 a5 67 5c 23 94    	adc    -0x6bdca399(%rbp),%esp
  400290:	95                   	xchg   %eax,%ebp
  400291:	47 99                	rex.RXB cltd 
  400293:	ca 2c b5             	lret   $0xb52c
  400296:	0f 0b                	ud2    

Disassembly of section .gnu.hash:

0000000000400298 <.gnu.hash>:
  400298:	03 00                	add    (%rax),%eax
  40029a:	00 00                	add    %al,(%rax)
  40029c:	0a 00                	or     (%rax),%al
  40029e:	00 00                	add    %al,(%rax)
  4002a0:	01 00                	add    %eax,(%rax)
  4002a2:	00 00                	add    %al,(%rax)
  4002a4:	06                   	(bad)  
  4002a5:	00 00                	add    %al,(%rax)
  4002a7:	00 00                	add    %al,(%rax)
  4002a9:	00 10                	add    %dl,(%rax)
  4002ab:	00 01                	add    %al,(%rcx)
  4002ad:	01 10                	add    %edx,(%rax)
  4002af:	00 00                	add    %al,(%rax)
  4002b1:	00 00                	add    %al,(%rax)
  4002b3:	00 0a                	add    %cl,(%rdx)
  4002b5:	00 00                	add    %al,(%rax)
  4002b7:	00 0b                	add    %cl,(%rbx)
  4002b9:	00 00                	add    %al,(%rax)
  4002bb:	00 21                	add    %ah,(%rcx)
  4002bd:	fd                   	std    
  4002be:	f4                   	hlt    
  4002bf:	09 28                	or     %ebp,(%rax)
  4002c1:	45 d5                	rex.RB (bad) 
  4002c3:	4c                   	rex.WR
  4002c4:	15                   	.byte 0x15
  4002c5:	98                   	cwtl   
  4002c6:	0c 43                	or     $0x43,%al

Disassembly of section .dynsym:

00000000004002c8 <.dynsym>:
	...
  4002e0:	ef                   	out    %eax,(%dx)
  4002e1:	00 00                	add    %al,(%rax)
  4002e3:	00 12                	add    %dl,(%rdx)
	...
  4002f5:	00 00                	add    %al,(%rax)
  4002f7:	00 10                	add    %dl,(%rax)
  4002f9:	00 00                	add    %al,(%rax)
  4002fb:	00 20                	add    %ah,(%rax)
	...
  40030d:	00 00                	add    %al,(%rax)
  40030f:	00 1f                	add    %bl,(%rdi)
  400311:	00 00                	add    %al,(%rax)
  400313:	00 20                	add    %ah,(%rax)
	...
  400325:	00 00                	add    %al,(%rax)
  400327:	00 cd                	add    %cl,%ch
  400329:	00 00                	add    %al,(%rax)
  40032b:	00 12                	add    %dl,(%rdx)
	...
  40033d:	00 00                	add    %al,(%rax)
  40033f:	00 10                	add    %dl,(%rax)
  400341:	01 00                	add    %eax,(%rax)
  400343:	00 12                	add    %dl,(%rdx)
	...
  400355:	00 00                	add    %al,(%rax)
  400357:	00 03                	add    %al,(%rbx)
  400359:	01 00                	add    %eax,(%rax)
  40035b:	00 12                	add    %dl,(%rdx)
	...
  40036d:	00 00                	add    %al,(%rax)
  40036f:	00 33                	add    %dh,(%rbx)
  400371:	00 00                	add    %al,(%rax)
  400373:	00 20                	add    %ah,(%rax)
	...
  400385:	00 00                	add    %al,(%rax)
  400387:	00 4f 00             	add    %cl,0x0(%rdi)
  40038a:	00 00                	add    %al,(%rax)
  40038c:	20 00                	and    %al,(%rax)
	...
  40039e:	00 00                	add    %al,(%rax)
  4003a0:	81 00 00 00 12 00    	addl   $0x120000,(%rax)
	...
  4003b6:	00 00                	add    %al,(%rax)
  4003b8:	92                   	xchg   %eax,%edx
  4003b9:	00 00                	add    %al,(%rax)
  4003bb:	00 12                	add    %dl,(%rdx)
  4003bd:	00 00                	add    %al,(%rax)
  4003bf:	00 00                	add    %al,(%rax)
  4003c1:	07                   	(bad)  
  4003c2:	40 00 00             	add    %al,(%rax)
	...
  4003cd:	00 00                	add    %al,(%rax)
  4003cf:	00 69 00             	add    %ch,0x0(%rcx)
  4003d2:	00 00                	add    %al,(%rax)
  4003d4:	12 00                	adc    (%rax),%al
  4003d6:	00 00                	add    %al,(%rax)
  4003d8:	e0 06                	loopne 4003e0 <_init-0x290>
  4003da:	40 00 00             	add    %al,(%rax)
	...
  4003e5:	00 00                	add    %al,(%rax)
  4003e7:	00 e5                	add    %ah,%ch
  4003e9:	00 00                	add    %al,(%rax)
  4003eb:	00 11                	add    %dl,(%rcx)
  4003ed:	00 1a                	add    %bl,(%rdx)
  4003ef:	00 60 10             	add    %ah,0x10(%rax)
  4003f2:	60                   	(bad)  
  4003f3:	00 00                	add    %al,(%rax)
  4003f5:	00 00                	add    %al,(%rax)
  4003f7:	00 10                	add    %dl,(%rax)
  4003f9:	01 00                	add    %eax,(%rax)
  4003fb:	00 00                	add    %al,(%rax)
  4003fd:	00 00                	add    %al,(%rax)
	...

Disassembly of section .dynstr:

0000000000400400 <.dynstr>:
  400400:	00 6c 69 62          	add    %ch,0x62(%rcx,%rbp,2)
  400404:	73 74                	jae    40047a <_init-0x1f6>
  400406:	64 63 2b             	movslq %fs:(%rbx),%ebp
  400409:	2b 2e                	sub    (%rsi),%ebp
  40040b:	73 6f                	jae    40047c <_init-0x1f4>
  40040d:	2e 36 00 5f 5f       	cs add %bl,%ss:0x5f(%rdi)
  400412:	67 6d                	insl   (%dx),%es:(%edi)
  400414:	6f                   	outsl  %ds:(%rsi),(%dx)
  400415:	6e                   	outsb  %ds:(%rsi),(%dx)
  400416:	5f                   	pop    %rdi
  400417:	73 74                	jae    40048d <_init-0x1e3>
  400419:	61                   	(bad)  
  40041a:	72 74                	jb     400490 <_init-0x1e0>
  40041c:	5f                   	pop    %rdi
  40041d:	5f                   	pop    %rdi
  40041e:	00 5f 4a             	add    %bl,0x4a(%rdi)
  400421:	76 5f                	jbe    400482 <_init-0x1ee>
  400423:	52                   	push   %rdx
  400424:	65 67 69 73 74 65 72 	imul   $0x6c437265,%gs:0x74(%ebx),%esi
  40042b:	43 6c 
  40042d:	61                   	(bad)  
  40042e:	73 73                	jae    4004a3 <_init-0x1cd>
  400430:	65 73 00             	gs jae 400433 <_init-0x23d>
  400433:	5f                   	pop    %rdi
  400434:	49 54                	rex.WB push %r12
  400436:	4d 5f                	rex.WRB pop %r15
  400438:	64 65 72 65          	fs gs jb 4004a1 <_init-0x1cf>
  40043c:	67 69 73 74 65 72 54 	imul   $0x4d547265,0x74(%ebx),%esi
  400443:	4d 
  400444:	43 6c                	rex.XB insb (%dx),%es:(%rdi)
  400446:	6f                   	outsl  %ds:(%rsi),(%dx)
  400447:	6e                   	outsb  %ds:(%rsi),(%dx)
  400448:	65 54                	gs push %rsp
  40044a:	61                   	(bad)  
  40044b:	62                   	(bad)  
  40044c:	6c                   	insb   (%dx),%es:(%rdi)
  40044d:	65 00 5f 49          	add    %bl,%gs:0x49(%rdi)
  400451:	54                   	push   %rsp
  400452:	4d 5f                	rex.WRB pop %r15
  400454:	72 65                	jb     4004bb <_init-0x1b5>
  400456:	67 69 73 74 65 72 54 	imul   $0x4d547265,0x74(%ebx),%esi
  40045d:	4d 
  40045e:	43 6c                	rex.XB insb (%dx),%es:(%rdi)
  400460:	6f                   	outsl  %ds:(%rsi),(%dx)
  400461:	6e                   	outsb  %ds:(%rsi),(%dx)
  400462:	65 54                	gs push %rsp
  400464:	61                   	(bad)  
  400465:	62                   	(bad)  
  400466:	6c                   	insb   (%dx),%es:(%rdi)
  400467:	65 00 5f 5a          	add    %bl,%gs:0x5a(%rdi)
  40046b:	4e 53                	rex.WRX push %rbx
  40046d:	74 38                	je     4004a7 <_init-0x1c9>
  40046f:	69 6f 73 5f 62 61 73 	imul   $0x7361625f,0x73(%rdi),%ebp
  400476:	65 34 49             	gs xor $0x49,%al
  400479:	6e                   	outsb  %ds:(%rsi),(%dx)
  40047a:	69 74 44 31 45 76 00 	imul   $0x5f007645,0x31(%rsp,%rax,2),%esi
  400481:	5f 
  400482:	5a                   	pop    %rdx
  400483:	4e 53                	rex.WRX push %rbx
  400485:	6f                   	outsl  %ds:(%rsi),(%dx)
  400486:	6c                   	insb   (%dx),%es:(%rdi)
  400487:	73 45                	jae    4004ce <_init-0x1a2>
  400489:	50                   	push   %rax
  40048a:	46 52                	rex.RX push %rdx
  40048c:	53                   	push   %rbx
  40048d:	6f                   	outsl  %ds:(%rsi),(%dx)
  40048e:	53                   	push   %rbx
  40048f:	5f                   	pop    %rdi
  400490:	45 00 5f 5a          	add    %r11b,0x5a(%r15)
  400494:	53                   	push   %rbx
  400495:	74 34                	je     4004cb <_init-0x1a5>
  400497:	65 6e                	outsb  %gs:(%rsi),(%dx)
  400499:	64 6c                	fs insb (%dx),%es:(%rdi)
  40049b:	49 63 53 74          	movslq 0x74(%r11),%rdx
  40049f:	31 31                	xor    %esi,(%rcx)
  4004a1:	63 68 61             	movslq 0x61(%rax),%ebp
  4004a4:	72 5f                	jb     400505 <_init-0x16b>
  4004a6:	74 72                	je     40051a <_init-0x156>
  4004a8:	61                   	(bad)  
  4004a9:	69 74 73 49 63 45 45 	imul   $0x52454563,0x49(%rbx,%rsi,2),%esi
  4004b0:	52 
  4004b1:	53                   	push   %rbx
  4004b2:	74 31                	je     4004e5 <_init-0x18b>
  4004b4:	33 62 61             	xor    0x61(%rdx),%esp
  4004b7:	73 69                	jae    400522 <_init-0x14e>
  4004b9:	63 5f 6f             	movslq 0x6f(%rdi),%ebx
  4004bc:	73 74                	jae    400532 <_init-0x13e>
  4004be:	72 65                	jb     400525 <_init-0x14b>
  4004c0:	61                   	(bad)  
  4004c1:	6d                   	insl   (%dx),%es:(%rdi)
  4004c2:	49 54                	rex.WB push %r12
  4004c4:	5f                   	pop    %rdi
  4004c5:	54                   	push   %rsp
  4004c6:	30 5f 45             	xor    %bl,0x45(%rdi)
  4004c9:	53                   	push   %rbx
  4004ca:	36 5f                	ss pop %rdi
  4004cc:	00 5f 5a             	add    %bl,0x5a(%rdi)
  4004cf:	4e 53                	rex.WRX push %rbx
  4004d1:	74 38                	je     40050b <_init-0x165>
  4004d3:	69 6f 73 5f 62 61 73 	imul   $0x7361625f,0x73(%rdi),%ebp
  4004da:	65 34 49             	gs xor $0x49,%al
  4004dd:	6e                   	outsb  %ds:(%rsi),(%dx)
  4004de:	69 74 43 31 45 76 00 	imul   $0x5f007645,0x31(%rbx,%rax,2),%esi
  4004e5:	5f 
  4004e6:	5a                   	pop    %rdx
  4004e7:	53                   	push   %rbx
  4004e8:	74 34                	je     40051e <_init-0x152>
  4004ea:	63 6f 75             	movslq 0x75(%rdi),%ebp
  4004ed:	74 00                	je     4004ef <_init-0x181>
  4004ef:	5f                   	pop    %rdi
  4004f0:	5a                   	pop    %rdx
  4004f1:	4e 53                	rex.WRX push %rbx
  4004f3:	6f                   	outsl  %ds:(%rsi),(%dx)
  4004f4:	6c                   	insb   (%dx),%es:(%rdi)
  4004f5:	73 45                	jae    40053c <_init-0x134>
  4004f7:	69 00 6c 69 62 63    	imul   $0x6362696c,(%rax),%eax
  4004fd:	2e 73 6f             	jae,pn 40056f <_init-0x101>
  400500:	2e 36 00 5f 5f       	cs add %bl,%ss:0x5f(%rdi)
  400505:	63 78 61             	movslq 0x61(%rax),%edi
  400508:	5f                   	pop    %rdi
  400509:	61                   	(bad)  
  40050a:	74 65                	je     400571 <_init-0xff>
  40050c:	78 69                	js     400577 <_init-0xf9>
  40050e:	74 00                	je     400510 <_init-0x160>
  400510:	5f                   	pop    %rdi
  400511:	5f                   	pop    %rdi
  400512:	6c                   	insb   (%dx),%es:(%rdi)
  400513:	69 62 63 5f 73 74 61 	imul   $0x6174735f,0x63(%rdx),%esp
  40051a:	72 74                	jb     400590 <_init-0xe0>
  40051c:	5f                   	pop    %rdi
  40051d:	6d                   	insl   (%dx),%es:(%rdi)
  40051e:	61                   	(bad)  
  40051f:	69 6e 00 47 4c 49 42 	imul   $0x42494c47,0x0(%rsi),%ebp
  400526:	43 5f                	rex.XB pop %r15
  400528:	32 2e                	xor    (%rsi),%ch
  40052a:	32 2e                	xor    (%rsi),%ch
  40052c:	35 00 47 4c 49       	xor    $0x494c4700,%eax
  400531:	42                   	rex.X
  400532:	43 58                	rex.XB pop %r8
  400534:	58                   	pop    %rax
  400535:	5f                   	pop    %rdi
  400536:	33 2e                	xor    (%rsi),%ebp
  400538:	34 00                	xor    $0x0,%al

Disassembly of section .gnu.version:

000000000040053a <.gnu.version>:
  40053a:	00 00                	add    %al,(%rax)
  40053c:	02 00                	add    (%rax),%al
  40053e:	00 00                	add    %al,(%rax)
  400540:	00 00                	add    %al,(%rax)
  400542:	02 00                	add    (%rax),%al
  400544:	03 00                	add    (%rax),%eax
  400546:	03 00                	add    (%rax),%eax
  400548:	00 00                	add    %al,(%rax)
  40054a:	00 00                	add    %al,(%rax)
  40054c:	02 00                	add    (%rax),%al
  40054e:	02 00                	add    (%rax),%al
  400550:	02 00                	add    (%rax),%al
  400552:	02 00                	add    (%rax),%al

Disassembly of section .gnu.version_r:

0000000000400558 <.gnu.version_r>:
  400558:	01 00                	add    %eax,(%rax)
  40055a:	01 00                	add    %eax,(%rax)
  40055c:	f9                   	stc    
  40055d:	00 00                	add    %al,(%rax)
  40055f:	00 10                	add    %dl,(%rax)
  400561:	00 00                	add    %al,(%rax)
  400563:	00 20                	add    %ah,(%rax)
  400565:	00 00                	add    %al,(%rax)
  400567:	00 75 1a             	add    %dh,0x1a(%rbp)
  40056a:	69 09 00 00 03 00    	imul   $0x30000,(%rcx),%ecx
  400570:	22 01                	and    (%rcx),%al
  400572:	00 00                	add    %al,(%rax)
  400574:	00 00                	add    %al,(%rax)
  400576:	00 00                	add    %al,(%rax)
  400578:	01 00                	add    %eax,(%rax)
  40057a:	01 00                	add    %eax,(%rax)
  40057c:	01 00                	add    %eax,(%rax)
  40057e:	00 00                	add    %al,(%rax)
  400580:	10 00                	adc    %al,(%rax)
  400582:	00 00                	add    %al,(%rax)
  400584:	00 00                	add    %al,(%rax)
  400586:	00 00                	add    %al,(%rax)
  400588:	74 29                	je     4005b3 <_init-0xbd>
  40058a:	92                   	xchg   %eax,%edx
  40058b:	08 00                	or     %al,(%rax)
  40058d:	00 02                	add    %al,(%rdx)
  40058f:	00 2e                	add    %ch,(%rsi)
  400591:	01 00                	add    %eax,(%rax)
  400593:	00 00                	add    %al,(%rax)
  400595:	00 00                	add    %al,(%rax)
	...

Disassembly of section .rela.dyn:

0000000000400598 <.rela.dyn>:
  400598:	f8                   	clc    
  400599:	0f 60 00             	punpcklbw (%rax),%mm0
  40059c:	00 00                	add    %al,(%rax)
  40059e:	00 00                	add    %al,(%rax)
  4005a0:	06                   	(bad)  
  4005a1:	00 00                	add    %al,(%rax)
  4005a3:	00 02                	add    %al,(%rdx)
	...
  4005ad:	00 00                	add    %al,(%rax)
  4005af:	00 60 10             	add    %ah,0x10(%rax)
  4005b2:	60                   	(bad)  
  4005b3:	00 00                	add    %al,(%rax)
  4005b5:	00 00                	add    %al,(%rax)
  4005b7:	00 05 00 00 00 0c    	add    %al,0xc000000(%rip)        # c4005bd <_end+0xbdff445>
	...

Disassembly of section .rela.plt:

00000000004005c8 <.rela.plt>:
  4005c8:	18 10                	sbb    %dl,(%rax)
  4005ca:	60                   	(bad)  
  4005cb:	00 00                	add    %al,(%rax)
  4005cd:	00 00                	add    %al,(%rax)
  4005cf:	00 07                	add    %al,(%rdi)
  4005d1:	00 00                	add    %al,(%rax)
  4005d3:	00 01                	add    %al,(%rcx)
	...
  4005dd:	00 00                	add    %al,(%rax)
  4005df:	00 20                	add    %ah,(%rax)
  4005e1:	10 60 00             	adc    %ah,0x0(%rax)
  4005e4:	00 00                	add    %al,(%rax)
  4005e6:	00 00                	add    %al,(%rax)
  4005e8:	07                   	(bad)  
  4005e9:	00 00                	add    %al,(%rax)
  4005eb:	00 04 00             	add    %al,(%rax,%rax,1)
	...
  4005f6:	00 00                	add    %al,(%rax)
  4005f8:	28 10                	sub    %dl,(%rax)
  4005fa:	60                   	(bad)  
  4005fb:	00 00                	add    %al,(%rax)
  4005fd:	00 00                	add    %al,(%rax)
  4005ff:	00 07                	add    %al,(%rdi)
  400601:	00 00                	add    %al,(%rax)
  400603:	00 05 00 00 00 00    	add    %al,0x0(%rip)        # 400609 <_init-0x67>
  400609:	00 00                	add    %al,(%rax)
  40060b:	00 00                	add    %al,(%rax)
  40060d:	00 00                	add    %al,(%rax)
  40060f:	00 30                	add    %dh,(%rax)
  400611:	10 60 00             	adc    %ah,0x0(%rax)
  400614:	00 00                	add    %al,(%rax)
  400616:	00 00                	add    %al,(%rax)
  400618:	07                   	(bad)  
  400619:	00 00                	add    %al,(%rax)
  40061b:	00 06                	add    %al,(%rsi)
	...
  400625:	00 00                	add    %al,(%rax)
  400627:	00 38                	add    %bh,(%rax)
  400629:	10 60 00             	adc    %ah,0x0(%rax)
  40062c:	00 00                	add    %al,(%rax)
  40062e:	00 00                	add    %al,(%rax)
  400630:	07                   	(bad)  
  400631:	00 00                	add    %al,(%rax)
  400633:	00 0b                	add    %cl,(%rbx)
	...
  40063d:	00 00                	add    %al,(%rax)
  40063f:	00 40 10             	add    %al,0x10(%rax)
  400642:	60                   	(bad)  
  400643:	00 00                	add    %al,(%rax)
  400645:	00 00                	add    %al,(%rax)
  400647:	00 07                	add    %al,(%rdi)
  400649:	00 00                	add    %al,(%rax)
  40064b:	00 09                	add    %cl,(%rcx)
	...
  400655:	00 00                	add    %al,(%rax)
  400657:	00 48 10             	add    %cl,0x10(%rax)
  40065a:	60                   	(bad)  
  40065b:	00 00                	add    %al,(%rax)
  40065d:	00 00                	add    %al,(%rax)
  40065f:	00 07                	add    %al,(%rdi)
  400661:	00 00                	add    %al,(%rax)
  400663:	00 0a                	add    %cl,(%rdx)
	...

Disassembly of section .init:

0000000000400670 <_init>:
  400670:	48 83 ec 08          	sub    $0x8,%rsp
  400674:	48 8b 05 7d 09 20 00 	mov    0x20097d(%rip),%rax        # 600ff8 <_DYNAMIC+0x1e0>
  40067b:	48 85 c0             	test   %rax,%rax
  40067e:	74 05                	je     400685 <_init+0x15>
  400680:	e8 8b 00 00 00       	callq  400710 <_ZSt4endlIcSt11char_traitsIcEERSt13basic_ostreamIT_T0_ES6_@plt+0x10>
  400685:	48 83 c4 08          	add    $0x8,%rsp
  400689:	c3                   	retq   

Disassembly of section .plt:

0000000000400690 <_ZNSolsEi@plt-0x10>:
  400690:	ff 35 72 09 20 00    	pushq  0x200972(%rip)        # 601008 <_GLOBAL_OFFSET_TABLE_+0x8>
  400696:	ff 25 74 09 20 00    	jmpq   *0x200974(%rip)        # 601010 <_GLOBAL_OFFSET_TABLE_+0x10>
  40069c:	0f 1f 40 00          	nopl   0x0(%rax)

00000000004006a0 <_ZNSolsEi@plt>:
  4006a0:	ff 25 72 09 20 00    	jmpq   *0x200972(%rip)        # 601018 <_GLOBAL_OFFSET_TABLE_+0x18>
  4006a6:	68 00 00 00 00       	pushq  $0x0
  4006ab:	e9 e0 ff ff ff       	jmpq   400690 <_init+0x20>

00000000004006b0 <_ZNSt8ios_base4InitC1Ev@plt>:
  4006b0:	ff 25 6a 09 20 00    	jmpq   *0x20096a(%rip)        # 601020 <_GLOBAL_OFFSET_TABLE_+0x20>
  4006b6:	68 01 00 00 00       	pushq  $0x1
  4006bb:	e9 d0 ff ff ff       	jmpq   400690 <_init+0x20>

00000000004006c0 <__libc_start_main@plt>:
  4006c0:	ff 25 62 09 20 00    	jmpq   *0x200962(%rip)        # 601028 <_GLOBAL_OFFSET_TABLE_+0x28>
  4006c6:	68 02 00 00 00       	pushq  $0x2
  4006cb:	e9 c0 ff ff ff       	jmpq   400690 <_init+0x20>

00000000004006d0 <__cxa_atexit@plt>:
  4006d0:	ff 25 5a 09 20 00    	jmpq   *0x20095a(%rip)        # 601030 <_GLOBAL_OFFSET_TABLE_+0x30>
  4006d6:	68 03 00 00 00       	pushq  $0x3
  4006db:	e9 b0 ff ff ff       	jmpq   400690 <_init+0x20>

00000000004006e0 <_ZNSt8ios_base4InitD1Ev@plt>:
  4006e0:	ff 25 52 09 20 00    	jmpq   *0x200952(%rip)        # 601038 <_GLOBAL_OFFSET_TABLE_+0x38>
  4006e6:	68 04 00 00 00       	pushq  $0x4
  4006eb:	e9 a0 ff ff ff       	jmpq   400690 <_init+0x20>

00000000004006f0 <_ZNSolsEPFRSoS_E@plt>:
  4006f0:	ff 25 4a 09 20 00    	jmpq   *0x20094a(%rip)        # 601040 <_GLOBAL_OFFSET_TABLE_+0x40>
  4006f6:	68 05 00 00 00       	pushq  $0x5
  4006fb:	e9 90 ff ff ff       	jmpq   400690 <_init+0x20>

0000000000400700 <_ZSt4endlIcSt11char_traitsIcEERSt13basic_ostreamIT_T0_ES6_@plt>:
  400700:	ff 25 42 09 20 00    	jmpq   *0x200942(%rip)        # 601048 <_GLOBAL_OFFSET_TABLE_+0x48>
  400706:	68 06 00 00 00       	pushq  $0x6
  40070b:	e9 80 ff ff ff       	jmpq   400690 <_init+0x20>

Disassembly of section .plt.got:

0000000000400710 <.plt.got>:
  400710:	ff 25 e2 08 20 00    	jmpq   *0x2008e2(%rip)        # 600ff8 <_DYNAMIC+0x1e0>
  400716:	66 90                	xchg   %ax,%ax

Disassembly of section .text:

0000000000400720 <_start>:
  400720:	31 ed                	xor    %ebp,%ebp
  400722:	49 89 d1             	mov    %rdx,%r9
  400725:	5e                   	pop    %rsi
  400726:	48 89 e2             	mov    %rsp,%rdx
  400729:	48 83 e4 f0          	and    $0xfffffffffffffff0,%rsp
  40072d:	50                   	push   %rax
  40072e:	54                   	push   %rsp
  40072f:	49 c7 c0 70 09 40 00 	mov    $0x400970,%r8
  400736:	48 c7 c1 00 09 40 00 	mov    $0x400900,%rcx
  40073d:	48 c7 c7 2a 08 40 00 	mov    $0x40082a,%rdi
  400744:	e8 77 ff ff ff       	callq  4006c0 <__libc_start_main@plt>
  400749:	f4                   	hlt    
  40074a:	66 0f 1f 44 00 00    	nopw   0x0(%rax,%rax,1)

0000000000400750 <deregister_tm_clones>:
  400750:	b8 67 10 60 00       	mov    $0x601067,%eax
  400755:	55                   	push   %rbp
  400756:	48 2d 60 10 60 00    	sub    $0x601060,%rax
  40075c:	48 83 f8 0e          	cmp    $0xe,%rax
  400760:	48 89 e5             	mov    %rsp,%rbp
  400763:	76 1b                	jbe    400780 <deregister_tm_clones+0x30>
  400765:	b8 00 00 00 00       	mov    $0x0,%eax
  40076a:	48 85 c0             	test   %rax,%rax
  40076d:	74 11                	je     400780 <deregister_tm_clones+0x30>
  40076f:	5d                   	pop    %rbp
  400770:	bf 60 10 60 00       	mov    $0x601060,%edi
  400775:	ff e0                	jmpq   *%rax
  400777:	66 0f 1f 84 00 00 00 	nopw   0x0(%rax,%rax,1)
  40077e:	00 00 
  400780:	5d                   	pop    %rbp
  400781:	c3                   	retq   
  400782:	0f 1f 40 00          	nopl   0x0(%rax)
  400786:	66 2e 0f 1f 84 00 00 	nopw   %cs:0x0(%rax,%rax,1)
  40078d:	00 00 00 

0000000000400790 <register_tm_clones>:
  400790:	be 60 10 60 00       	mov    $0x601060,%esi
  400795:	55                   	push   %rbp
  400796:	48 81 ee 60 10 60 00 	sub    $0x601060,%rsi
  40079d:	48 c1 fe 03          	sar    $0x3,%rsi
  4007a1:	48 89 e5             	mov    %rsp,%rbp
  4007a4:	48 89 f0             	mov    %rsi,%rax
  4007a7:	48 c1 e8 3f          	shr    $0x3f,%rax
  4007ab:	48 01 c6             	add    %rax,%rsi
  4007ae:	48 d1 fe             	sar    %rsi
  4007b1:	74 15                	je     4007c8 <register_tm_clones+0x38>
  4007b3:	b8 00 00 00 00       	mov    $0x0,%eax
  4007b8:	48 85 c0             	test   %rax,%rax
  4007bb:	74 0b                	je     4007c8 <register_tm_clones+0x38>
  4007bd:	5d                   	pop    %rbp
  4007be:	bf 60 10 60 00       	mov    $0x601060,%edi
  4007c3:	ff e0                	jmpq   *%rax
  4007c5:	0f 1f 00             	nopl   (%rax)
  4007c8:	5d                   	pop    %rbp
  4007c9:	c3                   	retq   
  4007ca:	66 0f 1f 44 00 00    	nopw   0x0(%rax,%rax,1)

00000000004007d0 <__do_global_dtors_aux>:
  4007d0:	80 3d 99 09 20 00 00 	cmpb   $0x0,0x200999(%rip)        # 601170 <completed.7585>
  4007d7:	75 11                	jne    4007ea <__do_global_dtors_aux+0x1a>
  4007d9:	55                   	push   %rbp
  4007da:	48 89 e5             	mov    %rsp,%rbp
  4007dd:	e8 6e ff ff ff       	callq  400750 <deregister_tm_clones>
  4007e2:	5d                   	pop    %rbp
  4007e3:	c6 05 86 09 20 00 01 	movb   $0x1,0x200986(%rip)        # 601170 <completed.7585>
  4007ea:	f3 c3                	repz retq 
  4007ec:	0f 1f 40 00          	nopl   0x0(%rax)

00000000004007f0 <frame_dummy>:
  4007f0:	bf 10 0e 60 00       	mov    $0x600e10,%edi
  4007f5:	48 83 3f 00          	cmpq   $0x0,(%rdi)
  4007f9:	75 05                	jne    400800 <frame_dummy+0x10>
  4007fb:	eb 93                	jmp    400790 <register_tm_clones>
  4007fd:	0f 1f 00             	nopl   (%rax)
  400800:	b8 00 00 00 00       	mov    $0x0,%eax
  400805:	48 85 c0             	test   %rax,%rax
  400808:	74 f1                	je     4007fb <frame_dummy+0xb>
  40080a:	55                   	push   %rbp
  40080b:	48 89 e5             	mov    %rsp,%rbp
  40080e:	ff d0                	callq  *%rax
  400810:	5d                   	pop    %rbp
  400811:	e9 7a ff ff ff       	jmpq   400790 <register_tm_clones>

0000000000400816 <_Z1mii>:
  400816:	55                   	push   %rbp
  400817:	48 89 e5             	mov    %rsp,%rbp
  40081a:	89 7d fc             	mov    %edi,-0x4(%rbp)
  40081d:	89 75 f8             	mov    %esi,-0x8(%rbp)
  400820:	8b 55 fc             	mov    -0x4(%rbp),%edx
  400823:	8b 45 f8             	mov    -0x8(%rbp),%eax
  400826:	01 d0                	add    %edx,%eax
  400828:	5d                   	pop    %rbp
  400829:	c3                   	retq   

000000000040082a <main>:
  40082a:	55                   	push   %rbp
  40082b:	48 89 e5             	mov    %rsp,%rbp
  40082e:	be 02 00 00 00       	mov    $0x2,%esi
  400833:	bf 01 00 00 00       	mov    $0x1,%edi
  400838:	e8 d9 ff ff ff       	callq  400816 <_Z1mii>
  40083d:	89 c6                	mov    %eax,%esi
  40083f:	bf 60 10 60 00       	mov    $0x601060,%edi
  400844:	e8 57 fe ff ff       	callq  4006a0 <_ZNSolsEi@plt>
  400849:	be 00 07 40 00       	mov    $0x400700,%esi
  40084e:	48 89 c7             	mov    %rax,%rdi
  400851:	e8 9a fe ff ff       	callq  4006f0 <_ZNSolsEPFRSoS_E@plt>
  400856:	be 0a 00 00 00       	mov    $0xa,%esi
  40085b:	bf 01 00 00 00       	mov    $0x1,%edi
  400860:	e8 b1 ff ff ff       	callq  400816 <_Z1mii>
  400865:	89 c6                	mov    %eax,%esi
  400867:	bf 60 10 60 00       	mov    $0x601060,%edi
  40086c:	e8 2f fe ff ff       	callq  4006a0 <_ZNSolsEi@plt>
  400871:	be 00 07 40 00       	mov    $0x400700,%esi
  400876:	48 89 c7             	mov    %rax,%rdi
  400879:	e8 72 fe ff ff       	callq  4006f0 <_ZNSolsEPFRSoS_E@plt>
  40087e:	be 0a 00 00 00       	mov    $0xa,%esi
  400883:	bf 14 00 00 00       	mov    $0x14,%edi
  400888:	e8 89 ff ff ff       	callq  400816 <_Z1mii>
  40088d:	89 c6                	mov    %eax,%esi
  40088f:	bf 60 10 60 00       	mov    $0x601060,%edi
  400894:	e8 07 fe ff ff       	callq  4006a0 <_ZNSolsEi@plt>
  400899:	be 00 07 40 00       	mov    $0x400700,%esi
  40089e:	48 89 c7             	mov    %rax,%rdi
  4008a1:	e8 4a fe ff ff       	callq  4006f0 <_ZNSolsEPFRSoS_E@plt>
  4008a6:	b8 00 00 00 00       	mov    $0x0,%eax
  4008ab:	5d                   	pop    %rbp
  4008ac:	c3                   	retq   

00000000004008ad <_Z41__static_initialization_and_destruction_0ii>:
  4008ad:	55                   	push   %rbp
  4008ae:	48 89 e5             	mov    %rsp,%rbp
  4008b1:	48 83 ec 10          	sub    $0x10,%rsp
  4008b5:	89 7d fc             	mov    %edi,-0x4(%rbp)
  4008b8:	89 75 f8             	mov    %esi,-0x8(%rbp)
  4008bb:	83 7d fc 01          	cmpl   $0x1,-0x4(%rbp)
  4008bf:	75 27                	jne    4008e8 <_Z41__static_initialization_and_destruction_0ii+0x3b>
  4008c1:	81 7d f8 ff ff 00 00 	cmpl   $0xffff,-0x8(%rbp)
  4008c8:	75 1e                	jne    4008e8 <_Z41__static_initialization_and_destruction_0ii+0x3b>
  4008ca:	bf 71 11 60 00       	mov    $0x601171,%edi
  4008cf:	e8 dc fd ff ff       	callq  4006b0 <_ZNSt8ios_base4InitC1Ev@plt>
  4008d4:	ba 58 10 60 00       	mov    $0x601058,%edx
  4008d9:	be 71 11 60 00       	mov    $0x601171,%esi
  4008de:	bf e0 06 40 00       	mov    $0x4006e0,%edi
  4008e3:	e8 e8 fd ff ff       	callq  4006d0 <__cxa_atexit@plt>
  4008e8:	90                   	nop
  4008e9:	c9                   	leaveq 
  4008ea:	c3                   	retq   

00000000004008eb <_GLOBAL__sub_I__Z1mii>:
  4008eb:	55                   	push   %rbp
  4008ec:	48 89 e5             	mov    %rsp,%rbp
  4008ef:	be ff ff 00 00       	mov    $0xffff,%esi
  4008f4:	bf 01 00 00 00       	mov    $0x1,%edi
  4008f9:	e8 af ff ff ff       	callq  4008ad <_Z41__static_initialization_and_destruction_0ii>
  4008fe:	5d                   	pop    %rbp
  4008ff:	c3                   	retq   

0000000000400900 <__libc_csu_init>:
  400900:	41 57                	push   %r15
  400902:	41 56                	push   %r14
  400904:	41 89 ff             	mov    %edi,%r15d
  400907:	41 55                	push   %r13
  400909:	41 54                	push   %r12
  40090b:	4c 8d 25 e6 04 20 00 	lea    0x2004e6(%rip),%r12        # 600df8 <__frame_dummy_init_array_entry>
  400912:	55                   	push   %rbp
  400913:	48 8d 2d ee 04 20 00 	lea    0x2004ee(%rip),%rbp        # 600e08 <__init_array_end>
  40091a:	53                   	push   %rbx
  40091b:	49 89 f6             	mov    %rsi,%r14
  40091e:	49 89 d5             	mov    %rdx,%r13
  400921:	4c 29 e5             	sub    %r12,%rbp
  400924:	48 83 ec 08          	sub    $0x8,%rsp
  400928:	48 c1 fd 03          	sar    $0x3,%rbp
  40092c:	e8 3f fd ff ff       	callq  400670 <_init>
  400931:	48 85 ed             	test   %rbp,%rbp
  400934:	74 20                	je     400956 <__libc_csu_init+0x56>
  400936:	31 db                	xor    %ebx,%ebx
  400938:	0f 1f 84 00 00 00 00 	nopl   0x0(%rax,%rax,1)
  40093f:	00 
  400940:	4c 89 ea             	mov    %r13,%rdx
  400943:	4c 89 f6             	mov    %r14,%rsi
  400946:	44 89 ff             	mov    %r15d,%edi
  400949:	41 ff 14 dc          	callq  *(%r12,%rbx,8)
  40094d:	48 83 c3 01          	add    $0x1,%rbx
  400951:	48 39 eb             	cmp    %rbp,%rbx
  400954:	75 ea                	jne    400940 <__libc_csu_init+0x40>
  400956:	48 83 c4 08          	add    $0x8,%rsp
  40095a:	5b                   	pop    %rbx
  40095b:	5d                   	pop    %rbp
  40095c:	41 5c                	pop    %r12
  40095e:	41 5d                	pop    %r13
  400960:	41 5e                	pop    %r14
  400962:	41 5f                	pop    %r15
  400964:	c3                   	retq   
  400965:	90                   	nop
  400966:	66 2e 0f 1f 84 00 00 	nopw   %cs:0x0(%rax,%rax,1)
  40096d:	00 00 00 

0000000000400970 <__libc_csu_fini>:
  400970:	f3 c3                	repz retq 

Disassembly of section .fini:

0000000000400974 <_fini>:
  400974:	48 83 ec 08          	sub    $0x8,%rsp
  400978:	48 83 c4 08          	add    $0x8,%rsp
  40097c:	c3                   	retq   

Disassembly of section .rodata:

0000000000400980 <_IO_stdin_used>:
  400980:	01 00                	add    %eax,(%rax)
  400982:	02 00                	add    (%rax),%al

Disassembly of section .eh_frame_hdr:

0000000000400984 <__GNU_EH_FRAME_HDR>:
  400984:	01 1b                	add    %ebx,(%rbx)
  400986:	03 3b                	add    (%rbx),%edi
  400988:	48 00 00             	rex.W add %al,(%rax)
  40098b:	00 08                	add    %cl,(%rax)
  40098d:	00 00                	add    %al,(%rax)
  40098f:	00 0c fd ff ff 94 00 	add    %cl,0x94ffff(,%rdi,8)
  400996:	00 00                	add    %al,(%rax)
  400998:	9c                   	pushfq 
  400999:	fd                   	std    
  40099a:	ff                   	(bad)  
  40099b:	ff 64 00 00          	jmpq   *0x0(%rax,%rax,1)
  40099f:	00 92 fe ff ff bc    	add    %dl,-0x43000002(%rdx)
  4009a5:	00 00                	add    %al,(%rax)
  4009a7:	00 a6 fe ff ff dc    	add    %ah,-0x23000002(%rsi)
  4009ad:	00 00                	add    %al,(%rax)
  4009af:	00 29                	add    %ch,(%rcx)
  4009b1:	ff                   	(bad)  
  4009b2:	ff                   	(bad)  
  4009b3:	ff                   	(bad)  
  4009b4:	fc                   	cld    
  4009b5:	00 00                	add    %al,(%rax)
  4009b7:	00 67 ff             	add    %ah,-0x1(%rdi)
  4009ba:	ff                   	(bad)  
  4009bb:	ff 1c 01             	lcall  *(%rcx,%rax,1)
  4009be:	00 00                	add    %al,(%rax)
  4009c0:	7c ff                	jl     4009c1 <__GNU_EH_FRAME_HDR+0x3d>
  4009c2:	ff                   	(bad)  
  4009c3:	ff                   	(bad)  
  4009c4:	3c 01                	cmp    $0x1,%al
  4009c6:	00 00                	add    %al,(%rax)
  4009c8:	ec                   	in     (%dx),%al
  4009c9:	ff                   	(bad)  
  4009ca:	ff                   	(bad)  
  4009cb:	ff                   	.byte 0xff
  4009cc:	84 01                	test   %al,(%rcx)
	...

Disassembly of section .eh_frame:

00000000004009d0 <__FRAME_END__-0x150>:
  4009d0:	14 00                	adc    $0x0,%al
  4009d2:	00 00                	add    %al,(%rax)
  4009d4:	00 00                	add    %al,(%rax)
  4009d6:	00 00                	add    %al,(%rax)
  4009d8:	01 7a 52             	add    %edi,0x52(%rdx)
  4009db:	00 01                	add    %al,(%rcx)
  4009dd:	78 10                	js     4009ef <__GNU_EH_FRAME_HDR+0x6b>
  4009df:	01 1b                	add    %ebx,(%rbx)
  4009e1:	0c 07                	or     $0x7,%al
  4009e3:	08 90 01 07 10 14    	or     %dl,0x14100701(%rax)
  4009e9:	00 00                	add    %al,(%rax)
  4009eb:	00 1c 00             	add    %bl,(%rax,%rax,1)
  4009ee:	00 00                	add    %al,(%rax)
  4009f0:	30 fd                	xor    %bh,%ch
  4009f2:	ff                   	(bad)  
  4009f3:	ff 2a                	ljmp   *(%rdx)
	...
  4009fd:	00 00                	add    %al,(%rax)
  4009ff:	00 14 00             	add    %dl,(%rax,%rax,1)
  400a02:	00 00                	add    %al,(%rax)
  400a04:	00 00                	add    %al,(%rax)
  400a06:	00 00                	add    %al,(%rax)
  400a08:	01 7a 52             	add    %edi,0x52(%rdx)
  400a0b:	00 01                	add    %al,(%rcx)
  400a0d:	78 10                	js     400a1f <__GNU_EH_FRAME_HDR+0x9b>
  400a0f:	01 1b                	add    %ebx,(%rbx)
  400a11:	0c 07                	or     $0x7,%al
  400a13:	08 90 01 00 00 24    	or     %dl,0x24000001(%rax)
  400a19:	00 00                	add    %al,(%rax)
  400a1b:	00 1c 00             	add    %bl,(%rax,%rax,1)
  400a1e:	00 00                	add    %al,(%rax)
  400a20:	70 fc                	jo     400a1e <__GNU_EH_FRAME_HDR+0x9a>
  400a22:	ff                   	(bad)  
  400a23:	ff 80 00 00 00 00    	incl   0x0(%rax)
  400a29:	0e                   	(bad)  
  400a2a:	10 46 0e             	adc    %al,0xe(%rsi)
  400a2d:	18 4a 0f             	sbb    %cl,0xf(%rdx)
  400a30:	0b 77 08             	or     0x8(%rdi),%esi
  400a33:	80 00 3f             	addb   $0x3f,(%rax)
  400a36:	1a 3b                	sbb    (%rbx),%bh
  400a38:	2a 33                	sub    (%rbx),%dh
  400a3a:	24 22                	and    $0x22,%al
  400a3c:	00 00                	add    %al,(%rax)
  400a3e:	00 00                	add    %al,(%rax)
  400a40:	1c 00                	sbb    $0x0,%al
  400a42:	00 00                	add    %al,(%rax)
  400a44:	44 00 00             	add    %r8b,(%rax)
  400a47:	00 ce                	add    %cl,%dh
  400a49:	fd                   	std    
  400a4a:	ff                   	(bad)  
  400a4b:	ff 14 00             	callq  *(%rax,%rax,1)
  400a4e:	00 00                	add    %al,(%rax)
  400a50:	00 41 0e             	add    %al,0xe(%rcx)
  400a53:	10 86 02 43 0d 06    	adc    %al,0x60d4302(%rsi)
  400a59:	4f 0c 07             	rex.WRXB or $0x7,%al
  400a5c:	08 00                	or     %al,(%rax)
  400a5e:	00 00                	add    %al,(%rax)
  400a60:	1c 00                	sbb    $0x0,%al
  400a62:	00 00                	add    %al,(%rax)
  400a64:	64 00 00             	add    %al,%fs:(%rax)
  400a67:	00 c2                	add    %al,%dl
  400a69:	fd                   	std    
  400a6a:	ff                   	(bad)  
  400a6b:	ff 83 00 00 00 00    	incl   0x0(%rbx)
  400a71:	41 0e                	rex.B (bad) 
  400a73:	10 86 02 43 0d 06    	adc    %al,0x60d4302(%rsi)
  400a79:	02 7e 0c             	add    0xc(%rsi),%bh
  400a7c:	07                   	(bad)  
  400a7d:	08 00                	or     %al,(%rax)
  400a7f:	00 1c 00             	add    %bl,(%rax,%rax,1)
  400a82:	00 00                	add    %al,(%rax)
  400a84:	84 00                	test   %al,(%rax)
  400a86:	00 00                	add    %al,(%rax)
  400a88:	25 fe ff ff 3e       	and    $0x3efffffe,%eax
  400a8d:	00 00                	add    %al,(%rax)
  400a8f:	00 00                	add    %al,(%rax)
  400a91:	41 0e                	rex.B (bad) 
  400a93:	10 86 02 43 0d 06    	adc    %al,0x60d4302(%rsi)
  400a99:	79 0c                	jns    400aa7 <__GNU_EH_FRAME_HDR+0x123>
  400a9b:	07                   	(bad)  
  400a9c:	08 00                	or     %al,(%rax)
  400a9e:	00 00                	add    %al,(%rax)
  400aa0:	1c 00                	sbb    $0x0,%al
  400aa2:	00 00                	add    %al,(%rax)
  400aa4:	a4                   	movsb  %ds:(%rsi),%es:(%rdi)
  400aa5:	00 00                	add    %al,(%rax)
  400aa7:	00 43 fe             	add    %al,-0x2(%rbx)
  400aaa:	ff                   	(bad)  
  400aab:	ff 15 00 00 00 00    	callq  *0x0(%rip)        # 400ab1 <__GNU_EH_FRAME_HDR+0x12d>
  400ab1:	41 0e                	rex.B (bad) 
  400ab3:	10 86 02 43 0d 06    	adc    %al,0x60d4302(%rsi)
  400ab9:	50                   	push   %rax
  400aba:	0c 07                	or     $0x7,%al
  400abc:	08 00                	or     %al,(%rax)
  400abe:	00 00                	add    %al,(%rax)
  400ac0:	44 00 00             	add    %r8b,(%rax)
  400ac3:	00 c4                	add    %al,%ah
  400ac5:	00 00                	add    %al,(%rax)
  400ac7:	00 38                	add    %bh,(%rax)
  400ac9:	fe                   	(bad)  
  400aca:	ff                   	(bad)  
  400acb:	ff 65 00             	jmpq   *0x0(%rbp)
  400ace:	00 00                	add    %al,(%rax)
  400ad0:	00 42 0e             	add    %al,0xe(%rdx)
  400ad3:	10 8f 02 42 0e 18    	adc    %cl,0x180e4202(%rdi)
  400ad9:	8e 03                	mov    (%rbx),%es
  400adb:	45 0e                	rex.RB (bad) 
  400add:	20 8d 04 42 0e 28    	and    %cl,0x280e4204(%rbp)
  400ae3:	8c 05 48 0e 30 86    	mov    %es,-0x79cff1b8(%rip)        # ffffffff86701931 <_end+0xffffffff861007b9>
  400ae9:	06                   	(bad)  
  400aea:	48 0e                	rex.W (bad) 
  400aec:	38 83 07 4d 0e 40    	cmp    %al,0x400e4d07(%rbx)
  400af2:	72 0e                	jb     400b02 <__GNU_EH_FRAME_HDR+0x17e>
  400af4:	38 41 0e             	cmp    %al,0xe(%rcx)
  400af7:	30 41 0e             	xor    %al,0xe(%rcx)
  400afa:	28 42 0e             	sub    %al,0xe(%rdx)
  400afd:	20 42 0e             	and    %al,0xe(%rdx)
  400b00:	18 42 0e             	sbb    %al,0xe(%rdx)
  400b03:	10 42 0e             	adc    %al,0xe(%rdx)
  400b06:	08 00                	or     %al,(%rax)
  400b08:	14 00                	adc    $0x0,%al
  400b0a:	00 00                	add    %al,(%rax)
  400b0c:	0c 01                	or     $0x1,%al
  400b0e:	00 00                	add    %al,(%rax)
  400b10:	60                   	(bad)  
  400b11:	fe                   	(bad)  
  400b12:	ff                   	(bad)  
  400b13:	ff 02                	incl   (%rdx)
	...

0000000000400b20 <__FRAME_END__>:
  400b20:	00 00                	add    %al,(%rax)
	...

Disassembly of section .init_array:

0000000000600df8 <__frame_dummy_init_array_entry>:
  600df8:	f0 07                	lock (bad) 
  600dfa:	40 00 00             	add    %al,(%rax)
  600dfd:	00 00                	add    %al,(%rax)
  600dff:	00 eb                	add    %ch,%bl
  600e01:	08 40 00             	or     %al,0x0(%rax)
  600e04:	00 00                	add    %al,(%rax)
	...

Disassembly of section .fini_array:

0000000000600e08 <__do_global_dtors_aux_fini_array_entry>:
  600e08:	d0 07                	rolb   (%rdi)
  600e0a:	40 00 00             	add    %al,(%rax)
  600e0d:	00 00                	add    %al,(%rax)
	...

Disassembly of section .jcr:

0000000000600e10 <__JCR_END__>:
	...

Disassembly of section .dynamic:

0000000000600e18 <_DYNAMIC>:
  600e18:	01 00                	add    %eax,(%rax)
  600e1a:	00 00                	add    %al,(%rax)
  600e1c:	00 00                	add    %al,(%rax)
  600e1e:	00 00                	add    %al,(%rax)
  600e20:	01 00                	add    %eax,(%rax)
  600e22:	00 00                	add    %al,(%rax)
  600e24:	00 00                	add    %al,(%rax)
  600e26:	00 00                	add    %al,(%rax)
  600e28:	01 00                	add    %eax,(%rax)
  600e2a:	00 00                	add    %al,(%rax)
  600e2c:	00 00                	add    %al,(%rax)
  600e2e:	00 00                	add    %al,(%rax)
  600e30:	f9                   	stc    
  600e31:	00 00                	add    %al,(%rax)
  600e33:	00 00                	add    %al,(%rax)
  600e35:	00 00                	add    %al,(%rax)
  600e37:	00 0c 00             	add    %cl,(%rax,%rax,1)
  600e3a:	00 00                	add    %al,(%rax)
  600e3c:	00 00                	add    %al,(%rax)
  600e3e:	00 00                	add    %al,(%rax)
  600e40:	70 06                	jo     600e48 <_DYNAMIC+0x30>
  600e42:	40 00 00             	add    %al,(%rax)
  600e45:	00 00                	add    %al,(%rax)
  600e47:	00 0d 00 00 00 00    	add    %cl,0x0(%rip)        # 600e4d <_DYNAMIC+0x35>
  600e4d:	00 00                	add    %al,(%rax)
  600e4f:	00 74 09 40          	add    %dh,0x40(%rcx,%rcx,1)
  600e53:	00 00                	add    %al,(%rax)
  600e55:	00 00                	add    %al,(%rax)
  600e57:	00 19                	add    %bl,(%rcx)
  600e59:	00 00                	add    %al,(%rax)
  600e5b:	00 00                	add    %al,(%rax)
  600e5d:	00 00                	add    %al,(%rax)
  600e5f:	00 f8                	add    %bh,%al
  600e61:	0d 60 00 00 00       	or     $0x60,%eax
  600e66:	00 00                	add    %al,(%rax)
  600e68:	1b 00                	sbb    (%rax),%eax
  600e6a:	00 00                	add    %al,(%rax)
  600e6c:	00 00                	add    %al,(%rax)
  600e6e:	00 00                	add    %al,(%rax)
  600e70:	10 00                	adc    %al,(%rax)
  600e72:	00 00                	add    %al,(%rax)
  600e74:	00 00                	add    %al,(%rax)
  600e76:	00 00                	add    %al,(%rax)
  600e78:	1a 00                	sbb    (%rax),%al
  600e7a:	00 00                	add    %al,(%rax)
  600e7c:	00 00                	add    %al,(%rax)
  600e7e:	00 00                	add    %al,(%rax)
  600e80:	08 0e                	or     %cl,(%rsi)
  600e82:	60                   	(bad)  
  600e83:	00 00                	add    %al,(%rax)
  600e85:	00 00                	add    %al,(%rax)
  600e87:	00 1c 00             	add    %bl,(%rax,%rax,1)
  600e8a:	00 00                	add    %al,(%rax)
  600e8c:	00 00                	add    %al,(%rax)
  600e8e:	00 00                	add    %al,(%rax)
  600e90:	08 00                	or     %al,(%rax)
  600e92:	00 00                	add    %al,(%rax)
  600e94:	00 00                	add    %al,(%rax)
  600e96:	00 00                	add    %al,(%rax)
  600e98:	f5                   	cmc    
  600e99:	fe                   	(bad)  
  600e9a:	ff 6f 00             	ljmp   *0x0(%rdi)
  600e9d:	00 00                	add    %al,(%rax)
  600e9f:	00 98 02 40 00 00    	add    %bl,0x4002(%rax)
  600ea5:	00 00                	add    %al,(%rax)
  600ea7:	00 05 00 00 00 00    	add    %al,0x0(%rip)        # 600ead <_DYNAMIC+0x95>
  600ead:	00 00                	add    %al,(%rax)
  600eaf:	00 00                	add    %al,(%rax)
  600eb1:	04 40                	add    $0x40,%al
  600eb3:	00 00                	add    %al,(%rax)
  600eb5:	00 00                	add    %al,(%rax)
  600eb7:	00 06                	add    %al,(%rsi)
  600eb9:	00 00                	add    %al,(%rax)
  600ebb:	00 00                	add    %al,(%rax)
  600ebd:	00 00                	add    %al,(%rax)
  600ebf:	00 c8                	add    %cl,%al
  600ec1:	02 40 00             	add    0x0(%rax),%al
  600ec4:	00 00                	add    %al,(%rax)
  600ec6:	00 00                	add    %al,(%rax)
  600ec8:	0a 00                	or     (%rax),%al
  600eca:	00 00                	add    %al,(%rax)
  600ecc:	00 00                	add    %al,(%rax)
  600ece:	00 00                	add    %al,(%rax)
  600ed0:	3a 01                	cmp    (%rcx),%al
  600ed2:	00 00                	add    %al,(%rax)
  600ed4:	00 00                	add    %al,(%rax)
  600ed6:	00 00                	add    %al,(%rax)
  600ed8:	0b 00                	or     (%rax),%eax
  600eda:	00 00                	add    %al,(%rax)
  600edc:	00 00                	add    %al,(%rax)
  600ede:	00 00                	add    %al,(%rax)
  600ee0:	18 00                	sbb    %al,(%rax)
  600ee2:	00 00                	add    %al,(%rax)
  600ee4:	00 00                	add    %al,(%rax)
  600ee6:	00 00                	add    %al,(%rax)
  600ee8:	15 00 00 00 00       	adc    $0x0,%eax
	...
  600ef5:	00 00                	add    %al,(%rax)
  600ef7:	00 03                	add    %al,(%rbx)
	...
  600f01:	10 60 00             	adc    %ah,0x0(%rax)
  600f04:	00 00                	add    %al,(%rax)
  600f06:	00 00                	add    %al,(%rax)
  600f08:	02 00                	add    (%rax),%al
  600f0a:	00 00                	add    %al,(%rax)
  600f0c:	00 00                	add    %al,(%rax)
  600f0e:	00 00                	add    %al,(%rax)
  600f10:	a8 00                	test   $0x0,%al
  600f12:	00 00                	add    %al,(%rax)
  600f14:	00 00                	add    %al,(%rax)
  600f16:	00 00                	add    %al,(%rax)
  600f18:	14 00                	adc    $0x0,%al
  600f1a:	00 00                	add    %al,(%rax)
  600f1c:	00 00                	add    %al,(%rax)
  600f1e:	00 00                	add    %al,(%rax)
  600f20:	07                   	(bad)  
  600f21:	00 00                	add    %al,(%rax)
  600f23:	00 00                	add    %al,(%rax)
  600f25:	00 00                	add    %al,(%rax)
  600f27:	00 17                	add    %dl,(%rdi)
  600f29:	00 00                	add    %al,(%rax)
  600f2b:	00 00                	add    %al,(%rax)
  600f2d:	00 00                	add    %al,(%rax)
  600f2f:	00 c8                	add    %cl,%al
  600f31:	05 40 00 00 00       	add    $0x40,%eax
  600f36:	00 00                	add    %al,(%rax)
  600f38:	07                   	(bad)  
  600f39:	00 00                	add    %al,(%rax)
  600f3b:	00 00                	add    %al,(%rax)
  600f3d:	00 00                	add    %al,(%rax)
  600f3f:	00 98 05 40 00 00    	add    %bl,0x4005(%rax)
  600f45:	00 00                	add    %al,(%rax)
  600f47:	00 08                	add    %cl,(%rax)
  600f49:	00 00                	add    %al,(%rax)
  600f4b:	00 00                	add    %al,(%rax)
  600f4d:	00 00                	add    %al,(%rax)
  600f4f:	00 30                	add    %dh,(%rax)
  600f51:	00 00                	add    %al,(%rax)
  600f53:	00 00                	add    %al,(%rax)
  600f55:	00 00                	add    %al,(%rax)
  600f57:	00 09                	add    %cl,(%rcx)
  600f59:	00 00                	add    %al,(%rax)
  600f5b:	00 00                	add    %al,(%rax)
  600f5d:	00 00                	add    %al,(%rax)
  600f5f:	00 18                	add    %bl,(%rax)
  600f61:	00 00                	add    %al,(%rax)
  600f63:	00 00                	add    %al,(%rax)
  600f65:	00 00                	add    %al,(%rax)
  600f67:	00 fe                	add    %bh,%dh
  600f69:	ff                   	(bad)  
  600f6a:	ff 6f 00             	ljmp   *0x0(%rdi)
  600f6d:	00 00                	add    %al,(%rax)
  600f6f:	00 58 05             	add    %bl,0x5(%rax)
  600f72:	40 00 00             	add    %al,(%rax)
  600f75:	00 00                	add    %al,(%rax)
  600f77:	00 ff                	add    %bh,%bh
  600f79:	ff                   	(bad)  
  600f7a:	ff 6f 00             	ljmp   *0x0(%rdi)
  600f7d:	00 00                	add    %al,(%rax)
  600f7f:	00 02                	add    %al,(%rdx)
  600f81:	00 00                	add    %al,(%rax)
  600f83:	00 00                	add    %al,(%rax)
  600f85:	00 00                	add    %al,(%rax)
  600f87:	00 f0                	add    %dh,%al
  600f89:	ff                   	(bad)  
  600f8a:	ff 6f 00             	ljmp   *0x0(%rdi)
  600f8d:	00 00                	add    %al,(%rax)
  600f8f:	00 3a                	add    %bh,(%rdx)
  600f91:	05 40 00 00 00       	add    $0x40,%eax
	...

Disassembly of section .got:

0000000000600ff8 <.got>:
	...

Disassembly of section .got.plt:

0000000000601000 <_GLOBAL_OFFSET_TABLE_>:
  601000:	18 0e                	sbb    %cl,(%rsi)
  601002:	60                   	(bad)  
	...
  601017:	00 a6 06 40 00 00    	add    %ah,0x4006(%rsi)
  60101d:	00 00                	add    %al,(%rax)
  60101f:	00 b6 06 40 00 00    	add    %dh,0x4006(%rsi)
  601025:	00 00                	add    %al,(%rax)
  601027:	00 c6                	add    %al,%dh
  601029:	06                   	(bad)  
  60102a:	40 00 00             	add    %al,(%rax)
  60102d:	00 00                	add    %al,(%rax)
  60102f:	00 d6                	add    %dl,%dh
  601031:	06                   	(bad)  
  601032:	40 00 00             	add    %al,(%rax)
  601035:	00 00                	add    %al,(%rax)
  601037:	00 e6                	add    %ah,%dh
  601039:	06                   	(bad)  
  60103a:	40 00 00             	add    %al,(%rax)
  60103d:	00 00                	add    %al,(%rax)
  60103f:	00 f6                	add    %dh,%dh
  601041:	06                   	(bad)  
  601042:	40 00 00             	add    %al,(%rax)
  601045:	00 00                	add    %al,(%rax)
  601047:	00 06                	add    %al,(%rsi)
  601049:	07                   	(bad)  
  60104a:	40 00 00             	add    %al,(%rax)
  60104d:	00 00                	add    %al,(%rax)
	...

Disassembly of section .data:

0000000000601050 <__data_start>:
	...

0000000000601058 <__dso_handle>:
	...

Disassembly of section .bss:

0000000000601060 <_ZSt4cout@@GLIBCXX_3.4>:
	...

0000000000601170 <completed.7585>:
	...

0000000000601171 <_ZStL8__ioinit>:
  601171:	00 00                	add    %al,(%rax)
  601173:	00 00                	add    %al,(%rax)
  601175:	00 00                	add    %al,(%rax)
	...

Disassembly of section .comment:

0000000000000000 <.comment>:
   0:	47                   	rex.RXB
   1:	43                   	rex.XB
   2:	43 3a 20             	rex.XB cmp (%r8),%spl
   5:	28 55 62             	sub    %dl,0x62(%rbp)
   8:	75 6e                	jne    78 <_init-0x4005f8>
   a:	74 75                	je     81 <_init-0x4005ef>
   c:	20 35 2e 33 2e 31    	and    %dh,0x312e332e(%rip)        # 312e3340 <_end+0x30ce21c8>
  12:	2d 31 34 75 62       	sub    $0x62753431,%eax
  17:	75 6e                	jne    87 <_init-0x4005e9>
  19:	74 75                	je     90 <_init-0x4005e0>
  1b:	32 2e                	xor    (%rsi),%ch
  1d:	31 29                	xor    %ebp,(%rcx)
  1f:	20 35 2e 33 2e 31    	and    %dh,0x312e332e(%rip)        # 312e3353 <_end+0x30ce21db>
  25:	20 32                	and    %dh,(%rdx)
  27:	30 31                	xor    %dh,(%rcx)
  29:	36 30 34 31          	xor    %dh,%ss:(%rcx,%rsi,1)
  2d:	33 00                	xor    (%rax),%eax
